Using pre-set license
Built from '2021.2/staging' branch; Version is '2021.2.14f1 (bcb93e5482d2) revision 12368190'; Using compiler version '192829333'; Build Type 'Release'
OS: 'Windows 10  (10.0.19045) 64bit Core' Language: 'en' Physical Memory: 16332 MB
BatchMode: 1, IsHumanControllingUs: 0, StartBugReporterOnCrash: 0, Is64bit: 1, IsPro: 1

COMMAND LINE ARGUMENTS:
D:\Program Files\2021.2.14f1\Editor\Unity.exe
-adb2
-batchMode
-noUpm
-name
AssetImportWorker2
-projectPath
D:/Documents/GitHub/2D Tilemap Platformer/2D Tilemap Platformer
-logFile
Logs/AssetImportWorker2.log
-srvPort
49872
Successfully changed project path to: D:/Documents/GitHub/2D Tilemap Platformer/2D Tilemap Platformer
D:/Documents/GitHub/2D Tilemap Platformer/2D Tilemap Platformer
[UnityMemory] Configuration Parameters - Can be set up in boot.config
    "memorysetup-bucket-allocator-granularity=16"
    "memorysetup-bucket-allocator-bucket-count=8"
    "memorysetup-bucket-allocator-block-size=33554432"
    "memorysetup-bucket-allocator-block-count=8"
    "memorysetup-main-allocator-block-size=16777216"
    "memorysetup-thread-allocator-block-size=16777216"
    "memorysetup-gfx-main-allocator-block-size=16777216"
    "memorysetup-gfx-thread-allocator-block-size=16777216"
    "memorysetup-cache-allocator-block-size=4194304"
    "memorysetup-typetree-allocator-block-size=2097152"
    "memorysetup-profiler-bucket-allocator-granularity=16"
    "memorysetup-profiler-bucket-allocator-bucket-count=8"
    "memorysetup-profiler-bucket-allocator-block-size=33554432"
    "memorysetup-profiler-bucket-allocator-block-count=8"
    "memorysetup-profiler-allocator-block-size=16777216"
    "memorysetup-profiler-editor-allocator-block-size=1048576"
    "memorysetup-temp-allocator-size-main=16777216"
    "memorysetup-job-temp-allocator-block-size=2097152"
    "memorysetup-job-temp-allocator-block-size-background=1048576"
    "memorysetup-job-temp-allocator-reduction-small-platforms=262144"
    "memorysetup-temp-allocator-size-background-worker=32768"
    "memorysetup-temp-allocator-size-job-worker=262144"
    "memorysetup-temp-allocator-size-preload-manager=33554432"
    "memorysetup-temp-allocator-size-nav-mesh-worker=65536"
    "memorysetup-temp-allocator-size-audio-worker=65536"
    "memorysetup-temp-allocator-size-cloud-worker=32768"
    "memorysetup-temp-allocator-size-gi-baking-worker=262144"
    "memorysetup-temp-allocator-size-gfx=262144"
Refreshing native plugins compatible for Editor in 76.81 ms, found 2 plugins.
Preloading 0 native plugins for Editor in 0.00 ms.
Initialize engine version: 2021.2.14f1 (bcb93e5482d2)
[Subsystems] Discovering subsystems at path D:/Program Files/2021.2.14f1/Editor/Data/Resources/UnitySubsystems
[Subsystems] Discovering subsystems at path D:/Documents/GitHub/2D Tilemap Platformer/2D Tilemap Platformer/Assets
GfxDevice: creating device client; threaded=0; jobified=0
Direct3D:
    Version:  Direct3D 11.0 [level 11.1]
    Renderer: NVIDIA GeForce GTX 970 (ID=0x13c2)
    Vendor:   NVIDIA
    VRAM:     4043 MB
    Driver:   31.0.15.1694
Initialize mono
Mono path[0] = 'D:/Program Files/2021.2.14f1/Editor/Data/Managed'
Mono path[1] = 'D:/Program Files/2021.2.14f1/Editor/Data/MonoBleedingEdge/lib/mono/unityjit-win32'
Mono config path = 'D:/Program Files/2021.2.14f1/Editor/Data/MonoBleedingEdge/etc'
Using monoOptions --debugger-agent=transport=dt_socket,embedding=1,server=y,suspend=n,address=127.0.0.1:56188
Begin MonoManager ReloadAssembly
Registering precompiled unity dll's ...
Register platform support module: D:/Program Files/2021.2.14f1/Editor/Data/PlaybackEngines/WebGLSupport/UnityEditor.WebGL.Extensions.dll
Register platform support module: D:/Program Files/2021.2.14f1/Editor/Data/PlaybackEngines/WindowsStandaloneSupport/UnityEditor.WindowsStandalone.Extensions.dll
Register platform support module: D:/Program Files/2021.2.14f1/Editor/Data/PlaybackEngines/MetroSupport/UnityEditor.UWP.Extensions.dll
Registered in 0.007030 seconds.
Native extension for UWP target not found
Native extension for WindowsStandalone target not found
Native extension for WebGL target not found
Refreshing native plugins compatible for Editor in 66.62 ms, found 2 plugins.
Preloading 0 native plugins for Editor in 0.00 ms.
Mono: successfully reloaded assembly
- Completed reload, in  0.861 seconds
Domain Reload Profiling:
	ReloadAssembly (861ms)
		BeginReloadAssembly (129ms)
			ExecutionOrderSort (0ms)
			DisableScriptedObjects (0ms)
			BackupInstance (0ms)
			ReleaseScriptingObjects (0ms)
			CreateAndSetChildDomain (1ms)
		EndReloadAssembly (593ms)
			LoadAssemblies (129ms)
			RebuildTransferFunctionScriptingTraits (0ms)
			SetupTypeCache (179ms)
			ReleaseScriptCaches (0ms)
			RebuildScriptCaches (39ms)
			SetupLoadedEditorAssemblies (307ms)
				LogAssemblyErrors (0ms)
				InitializePlatformSupportModulesInManaged (12ms)
				SetLoadedEditorAssemblies (0ms)
				RefreshPlugins (67ms)
				BeforeProcessingInitializeOnLoad (1ms)
				ProcessInitializeOnLoadAttributes (174ms)
				ProcessInitializeOnLoadMethodAttributes (53ms)
				AfterProcessingInitializeOnLoad (0ms)
				EditorAssembliesLoaded (0ms)
			ExecutionOrderSort2 (0ms)
			AwakeInstancesAfterBackupRestoration (0ms)
Platform modules already initialized, skipping
Registering precompiled user dll's ...
Registered in 0.008074 seconds.
Begin MonoManager ReloadAssembly
Native extension for UWP target not found
Native extension for WindowsStandalone target not found
Native extension for WebGL target not found
Refreshing native plugins compatible for Editor in 58.67 ms, found 2 plugins.
Preloading 0 native plugins for Editor in 0.00 ms.
Package Manager log level set to [2]
Mono: successfully reloaded assembly
- Completed reload, in  2.320 seconds
Domain Reload Profiling:
	ReloadAssembly (2321ms)
		BeginReloadAssembly (181ms)
			ExecutionOrderSort (0ms)
			DisableScriptedObjects (6ms)
			BackupInstance (0ms)
			ReleaseScriptingObjects (0ms)
			CreateAndSetChildDomain (28ms)
		EndReloadAssembly (2025ms)
			LoadAssemblies (154ms)
			RebuildTransferFunctionScriptingTraits (0ms)
			SetupTypeCache (251ms)
			ReleaseScriptCaches (1ms)
			RebuildScriptCaches (66ms)
			SetupLoadedEditorAssemblies (1557ms)
				LogAssemblyErrors (0ms)
				InitializePlatformSupportModulesInManaged (14ms)
				SetLoadedEditorAssemblies (0ms)
				RefreshPlugins (59ms)
				BeforeProcessingInitializeOnLoad (77ms)
				ProcessInitializeOnLoadAttributes (323ms)
				ProcessInitializeOnLoadMethodAttributes (1079ms)
				AfterProcessingInitializeOnLoad (5ms)
				EditorAssembliesLoaded (0ms)
			ExecutionOrderSort2 (0ms)
			AwakeInstancesAfterBackupRestoration (7ms)
Platform modules already initialized, skipping
========================================================================
Worker process is ready to serve import requests
Launched and connected shader compiler UnityShaderCompiler.exe after 0.09 seconds
Refreshing native plugins compatible for Editor in 0.92 ms, found 2 plugins.
Preloading 0 native plugins for Editor in 0.00 ms.
Unloading 2749 Unused Serialized files (Serialized files now loaded: 0)
Unloading 60 unused Assets / (31.2 KB). Loaded Objects now: 3211.
Memory consumption went from 201.8 MB to 201.8 MB.
Total: 6.742900 ms (FindLiveObjects: 0.381900 ms CreateObjectMapping: 0.131600 ms MarkObjects: 6.183600 ms  DeleteObjects: 0.044800 ms)

AssetImportParameters requested are different than current active one (requested -> active):
  custom:video-decoder-ogg-theora: a1e56fd34408186e4bbccfd4996cb3dc -> 
  custom:container-muxer-webm: aa71ff27fc2769a1b78a27578f13a17b -> 
  custom:container-demuxer-webm: 4f35f7cbe854078d1ac9338744f61a02 -> 
  custom:video-encoder-webm-vp8: eb34c28f22e8b96e1ab97ce403110664 -> 
  custom:video-codec-MediaFoundation-h265: 746d11721c4dcdbdad8f713fa42b33f4 -> 
  custom:audio-encoder-webm-vorbis: bf7c407c2cedff20999df2af8eb42d56 -> 
  custom:framework-win-MediaFoundation: 216162199b28c13a410421893ffa2e32 -> 
  custom:container-demuxer-ogg: 62fdf1f143b41e24485cea50d1cbac27 -> 
  custom:video-decoder-webm-vp8: 9c59270c3fd7afecdb556c50c9e8de78 -> 
  custom:audio-decoder-ogg-vorbis: bf7c407c2cedff20999df2af8eb42d56 -> 
========================================================================
Received Import Request.
  Time since last request: 658.194627 seconds.
  path: Assets/Resources/Prototypes/Abilities/OneTrueAbility 1.asset
  artifactKey: Guid(0abff21074bbab244ba32fdd2cd98857) Importer(815301076,1909f56bfc062723c751e8b465ee728b)
Start importing Assets/Resources/Prototypes/Abilities/OneTrueAbility 1.asset using Guid(0abff21074bbab244ba32fdd2cd98857) Importer(815301076,1909f56bfc062723c751e8b465ee728b)  -> (artifact id: '3f742bba6121a07760c4eaa4af3361f3') in 0.421905 seconds 
========================================================================
Received Import Request.
  Time since last request: 2.335130 seconds.
  path: Assets/Resources/Prototypes/Abilities/Flight.asset
  artifactKey: Guid(0abff21074bbab244ba32fdd2cd98857) Importer(815301076,1909f56bfc062723c751e8b465ee728b)
Start importing Assets/Resources/Prototypes/Abilities/Flight.asset using Guid(0abff21074bbab244ba32fdd2cd98857) Importer(815301076,1909f56bfc062723c751e8b465ee728b)  -> (artifact id: 'eabc9ca54f0c6b736529319722335836') in 0.006576 seconds 
========================================================================
Received Import Request.
  Time since last request: 8.666890 seconds.
  path: Assets/Resources/Prototypes/Effects/TriggeredEffects/StatBonusEffect.asset
  artifactKey: Guid(df6a6e22d7bddb64591584851a55bd42) Importer(815301076,1909f56bfc062723c751e8b465ee728b)
Start importing Assets/Resources/Prototypes/Effects/TriggeredEffects/StatBonusEffect.asset using Guid(df6a6e22d7bddb64591584851a55bd42) Importer(815301076,1909f56bfc062723c751e8b465ee728b)  -> (artifact id: 'd826b7c0d2de8ece2c66ce014f8db702') in 0.010593 seconds 
========================================================================
Received Import Request.
  Time since last request: 20.807483 seconds.
  path: Assets/Resources/Prototypes/Effects/TriggeredEffects/StatBonusEffect 1.asset
  artifactKey: Guid(a1854b746b0d5e44e93665ba16bb0b2a) Importer(815301076,1909f56bfc062723c751e8b465ee728b)
Start importing Assets/Resources/Prototypes/Effects/TriggeredEffects/StatBonusEffect 1.asset using Guid(a1854b746b0d5e44e93665ba16bb0b2a) Importer(815301076,1909f56bfc062723c751e8b465ee728b)  -> (artifact id: 'f2453fd78336743516faa6306abc1e86') in 0.008248 seconds 
========================================================================
Received Import Request.
  Time since last request: 6.323758 seconds.
  path: Assets/Resources/Prototypes/Effects/TriggeredEffects/GainFlight.asset
  artifactKey: Guid(a1854b746b0d5e44e93665ba16bb0b2a) Importer(815301076,1909f56bfc062723c751e8b465ee728b)
Start importing Assets/Resources/Prototypes/Effects/TriggeredEffects/GainFlight.asset using Guid(a1854b746b0d5e44e93665ba16bb0b2a) Importer(815301076,1909f56bfc062723c751e8b465ee728b)  -> (artifact id: 'a9155a80277fb539af7eb79256e8c09a') in 0.010526 seconds 
========================================================================
Received Import Request.
  Time since last request: 18.216297 seconds.
  path: Assets/Resources/Prototypes/Abilities/Flight.asset
  artifactKey: Guid(0abff21074bbab244ba32fdd2cd98857) Importer(815301076,1909f56bfc062723c751e8b465ee728b)
Start importing Assets/Resources/Prototypes/Abilities/Flight.asset using Guid(0abff21074bbab244ba32fdd2cd98857) Importer(815301076,1909f56bfc062723c751e8b465ee728b)  -> (artifact id: '6135c05fc3df696cd52df9b2e8e35caa') in 0.003054 seconds 
========================================================================
Received Import Request.
  Time since last request: 39.600486 seconds.
  path: Assets/Resources/Prototypes/Abilities/OneTrueAbility2.asset
  artifactKey: Guid(bef5bf2f4f7325a42a5a406546ab141b) Importer(815301076,1909f56bfc062723c751e8b465ee728b)
Start importing Assets/Resources/Prototypes/Abilities/OneTrueAbility2.asset using Guid(bef5bf2f4f7325a42a5a406546ab141b) Importer(815301076,1909f56bfc062723c751e8b465ee728b)  -> (artifact id: 'c2ae518c4d359817b465071ba54fb91b') in 0.008235 seconds 
========================================================================
Received Prepare
Refreshing native plugins compatible for Editor in 15.14 ms, found 2 plugins.
Preloading 0 native plugins for Editor in 0.00 ms.
Unloading 48 Unused Serialized files (Serialized files now loaded: 0)
Unloading 48 unused Assets / (22.9 KB). Loaded Objects now: 3211.
Memory consumption went from 146.4 MB to 146.3 MB.
Total: 8.168800 ms (FindLiveObjects: 0.401900 ms CreateObjectMapping: 0.141100 ms MarkObjects: 7.584900 ms  DeleteObjects: 0.039700 ms)

AssetImportParameters requested are different than current active one (requested -> active):
  custom:video-decoder-ogg-theora: a1e56fd34408186e4bbccfd4996cb3dc -> 
  custom:container-muxer-webm: aa71ff27fc2769a1b78a27578f13a17b -> 
  custom:container-demuxer-webm: 4f35f7cbe854078d1ac9338744f61a02 -> 
  custom:video-encoder-webm-vp8: eb34c28f22e8b96e1ab97ce403110664 -> 
  custom:video-codec-MediaFoundation-h265: 746d11721c4dcdbdad8f713fa42b33f4 -> 
  custom:audio-encoder-webm-vorbis: bf7c407c2cedff20999df2af8eb42d56 -> 
  custom:framework-win-MediaFoundation: 216162199b28c13a410421893ffa2e32 -> 
  custom:container-demuxer-ogg: 62fdf1f143b41e24485cea50d1cbac27 -> 
  custom:video-decoder-webm-vp8: 9c59270c3fd7afecdb556c50c9e8de78 -> 
  custom:audio-decoder-ogg-vorbis: bf7c407c2cedff20999df2af8eb42d56 -> 
